<?xml version="1.0" encoding="UTF-8"?>
<testsuite name="com.example.api.ApiApplicationTests" tests="1" skipped="0" failures="0" errors="0" timestamp="2025-01-14T19:41:41" hostname="choehyeonjun-ui-MacBookPro.local" time="0.432">
  <properties/>
  <testcase name="contextLoads()" classname="com.example.api.ApiApplicationTests" time="0.432"/>
  <system-out><![CDATA[04:41:40.823 [Test worker] INFO org.springframework.test.context.support.AnnotationConfigContextLoaderUtils -- Could not detect default configuration classes for test class [com.example.api.ApiApplicationTests]: ApiApplicationTests does not declare any static, non-private, non-final, nested classes annotated with @Configuration.
04:41:40.877 [Test worker] INFO org.springframework.boot.test.context.SpringBootTestContextBootstrapper -- Found @SpringBootConfiguration com.example.api.ApiApplication for test class com.example.api.ApiApplicationTests

  .   ____          _            __ _ _
 /\\ / ___'_ __ _ _(_)_ __  __ _ \ \ \ \
( ( )\___ | '_ | '_| | '_ \/ _` | \ \ \ \
 \\/  ___)| |_)| | | | | || (_| |  ) ) ) )
  '  |____| .__|_| |_|_| |_\__, | / / / /
 =========|_|==============|___/=/_/_/_/

 :: Spring Boot ::                (v3.4.1)

2025-01-15T04:41:41.063+09:00  INFO 19056 --- [api] [    Test worker] com.example.api.ApiApplicationTests      : Starting ApiApplicationTests using Java 21.0.4 with PID 19056 (started by cachij in /Users/cachij/Documents/Repos/nowti/nowti-api-server)
2025-01-15T04:41:41.064+09:00  INFO 19056 --- [api] [    Test worker] com.example.api.ApiApplicationTests      : No active profile set, falling back to 1 default profile: "default"
2025-01-15T04:41:41.479+09:00  WARN 19056 --- [api] [    Test worker] .s.s.UserDetailsServiceAutoConfiguration : 

Using generated security password: 4e15af5c-32e1-48a7-8fad-59e52aebbddc

This generated password is for development use only. Your security configuration must be updated before running your application in production.

2025-01-15T04:41:41.485+09:00  INFO 19056 --- [api] [    Test worker] r$InitializeUserDetailsManagerConfigurer : Global AuthenticationManager configured with UserDetailsService bean with name inMemoryUserDetailsManager
2025-01-15T04:41:41.732+09:00  INFO 19056 --- [api] [    Test worker] com.example.api.ApiApplicationTests      : Started ApiApplicationTests in 0.788 seconds (process running for 1.365)
]]></system-out>
  <system-err><![CDATA[Mockito is currently self-attaching to enable the inline-mock-maker. This will no longer work in future releases of the JDK. Please add Mockito as an agent to your build what is described in Mockito's documentation: https://javadoc.io/doc/org.mockito/mockito-core/latest/org/mockito/Mockito.html#0.3
WARNING: A Java agent has been loaded dynamically (/Users/cachij/.gradle/caches/modules-2/files-2.1/net.bytebuddy/byte-buddy-agent/1.15.11/a38b16385e867f59a641330f0362ebe742788ed8/byte-buddy-agent-1.15.11.jar)
WARNING: If a serviceability tool is in use, please run with -XX:+EnableDynamicAgentLoading to hide this warning
WARNING: If a serviceability tool is not in use, please run with -Djdk.instrument.traceUsage for more information
WARNING: Dynamic loading of agents will be disallowed by default in a future release
]]></system-err>
</testsuite>
